%!Adobe-FontList 1.23
%Locale:0x40c

%BeginFont
Handler:DirectoryHandler
FontType:Invalid
OutlineFileName:C:\Users\Axel\Documents\FICHIERS SOURCES CREATIONS\2024 - PROJETS\portfolio_Version2024\assets\Font\RadioGrotesk\RadioGrotesk-Bold.woff
FileModTime:1583430992
%EndFont

%BeginFont
Handler:DirectoryHandler
FontType:Invalid
OutlineFileName:C:\Users\Axel\Documents\FICHIERS SOURCES CREATIONS\2024 - PROJETS\portfolio_Version2024\assets\Font\RadioGrotesk\RadioGrotesk-Light.woff
FileModTime:1583430988
%EndFont

%BeginFont
Handler:DirectoryHandler
FontType:Invalid
OutlineFileName:C:\Users\Axel\Documents\FICHIERS SOURCES CREATIONS\2024 - PROJETS\portfolio_Version2024\assets\Font\RadioGrotesk\RadioGrotesk-Regular.woff
FileModTime:1583430988
%EndFont

